<?xml version="1.0" encoding="UTF-8"?>
<!-- Generated by org.testng.reporters.JUnitXMLReporter -->
<testsuite ignored="0" hostname="DESKTOP-2R542G6" failures="1" tests="3" name="Error Validations Test" time="17.574" errors="0" timestamp="2024-09-13T19:57:10 IST">
  <testcase classname="ECommerceAutomation.Tests.ErrorValidationsTest" name="InvalidLoginErrorValidation" time="0.395">
    <skipped/>
  </testcase> <!-- InvalidLoginErrorValidation -->
  <testcase classname="ECommerceAutomation.Tests.ErrorValidationsTest" name="InvalidLoginErrorValidation" time="0.393">
    <failure type="java.lang.AssertionError" message="expected [Incorrect email or password.] but found [Incorrect email password.]">
      <![CDATA[java.lang.AssertionError: expected [Incorrect email or password.] but found [Incorrect email password.]
at ECommerceAutomation.Tests.ErrorValidationsTest.InvalidLoginErrorValidation(ErrorValidationsTest.java:21)
at java.base/java.util.ArrayList.forEach(ArrayList.java:1596)
at java.base/java.util.concurrent.FutureTask.run(FutureTask.java:317)
at java.base/java.util.concurrent.ThreadPoolExecutor.runWorker(ThreadPoolExecutor.java:1144)
at java.base/java.util.concurrent.ThreadPoolExecutor$Worker.run(ThreadPoolExecutor.java:642)
at java.base/java.lang.Thread.run(Thread.java:1583)
... Removed 21 stack frames]]>
    </failure>
  </testcase> <!-- InvalidLoginErrorValidation -->
  <testcase classname="ECommerceAutomation.Tests.ErrorValidationsTest" name="ProductErrorValidation" time="3.755"/>
</testsuite> <!-- Error Validations Test -->
